<?xml version="1.0" encoding="UTF-8"?>
<testsuite name="org.example.ch7_binary_search.PartTest" tests="1" skipped="0" failures="0" errors="0" timestamp="2023-11-17T03:06:18" hostname="gim-yonghwan-ui-MacBookAir.local" time="0.028">
  <properties/>
  <testcase name="test()" classname="org.example.ch7_binary_search.PartTest" time="0.028"/>
  <system-out><![CDATA[]]></system-out>
  <system-err><![CDATA[]]></system-err>
</testsuite>
